Performing C SOURCE FILE Test CMAKE_HAVE_LIBC_PTHREAD failed with the following output:
Change Dir: /data/GPU_virtualization/CMakeFiles/CMakeTmp

Run Build Command(s):/usr/bin/gmake -f Makefile cmTC_4402a/fast && /usr/bin/gmake  -f CMakeFiles/cmTC_4402a.dir/build.make CMakeFiles/cmTC_4402a.dir/build
gmake[1]: Entering directory '/data/GPU_virtualization/CMakeFiles/CMakeTmp'
Building C object CMakeFiles/cmTC_4402a.dir/src.c.o
/usr/bin/cc -DCMAKE_HAVE_LIBC_PTHREAD  -fPIC  -o CMakeFiles/cmTC_4402a.dir/src.c.o -c /data/GPU_virtualization/CMakeFiles/CMakeTmp/src.c
Linking C executable cmTC_4402a
/usr/local/bin/cmake -E cmake_link_script CMakeFiles/cmTC_4402a.dir/link.txt --verbose=1
/usr/bin/cc -fPIC  -rdynamic CMakeFiles/cmTC_4402a.dir/src.c.o -o cmTC_4402a 
/usr/bin/ld: CMakeFiles/cmTC_4402a.dir/src.c.o: in function `main':
src.c:(.text+0x46): undefined reference to `pthread_create'
/usr/bin/ld: src.c:(.text+0x52): undefined reference to `pthread_detach'
/usr/bin/ld: src.c:(.text+0x5e): undefined reference to `pthread_cancel'
/usr/bin/ld: src.c:(.text+0x6f): undefined reference to `pthread_join'
collect2: error: ld returned 1 exit status
CMakeFiles/cmTC_4402a.dir/build.make:98: recipe for target 'cmTC_4402a' failed
gmake[1]: *** [cmTC_4402a] Error 1
gmake[1]: Leaving directory '/data/GPU_virtualization/CMakeFiles/CMakeTmp'
Makefile:127: recipe for target 'cmTC_4402a/fast' failed
gmake: *** [cmTC_4402a/fast] Error 2


Source file was:
#include <pthread.h>

static void* test_func(void* data)
{
  return data;
}

int main(void)
{
  pthread_t thread;
  pthread_create(&thread, NULL, test_func, NULL);
  pthread_detach(thread);
  pthread_cancel(thread);
  pthread_join(thread, NULL);
  pthread_atfork(NULL, NULL, NULL);
  pthread_exit(NULL);

  return 0;
}

Determining if the function pthread_create exists in the pthreads failed with the following output:
Change Dir: /data/GPU_virtualization/CMakeFiles/CMakeTmp

Run Build Command(s):/usr/bin/gmake -f Makefile cmTC_1bf20/fast && /usr/bin/gmake  -f CMakeFiles/cmTC_1bf20.dir/build.make CMakeFiles/cmTC_1bf20.dir/build
gmake[1]: Entering directory '/data/GPU_virtualization/CMakeFiles/CMakeTmp'
Building C object CMakeFiles/cmTC_1bf20.dir/CheckFunctionExists.c.o
/usr/bin/cc   -fPIC -DCHECK_FUNCTION_EXISTS=pthread_create -o CMakeFiles/cmTC_1bf20.dir/CheckFunctionExists.c.o -c /usr/local/share/cmake-3.22/Modules/CheckFunctionExists.c
Linking C executable cmTC_1bf20
/usr/local/bin/cmake -E cmake_link_script CMakeFiles/cmTC_1bf20.dir/link.txt --verbose=1
/usr/bin/cc -fPIC -DCHECK_FUNCTION_EXISTS=pthread_create -rdynamic CMakeFiles/cmTC_1bf20.dir/CheckFunctionExists.c.o -o cmTC_1bf20  -lpthreads 
/usr/bin/ld: cannot find -lpthreads
collect2: error: ld returned 1 exit status
CMakeFiles/cmTC_1bf20.dir/build.make:98: recipe for target 'cmTC_1bf20' failed
gmake[1]: *** [cmTC_1bf20] Error 1
gmake[1]: Leaving directory '/data/GPU_virtualization/CMakeFiles/CMakeTmp'
Makefile:127: recipe for target 'cmTC_1bf20/fast' failed
gmake: *** [cmTC_1bf20/fast] Error 2



